CRITICAL - 2020-06-29 20:40:58 --> syntax error, unexpected '}', expecting ';'
#0 /srv/http/htdocs/SiBuKer/vendor/codeigniter4/framework/system/Autoloader/Autoloader.php(296): CodeIgniter\Autoloader\Autoloader->requireFile()
#1 /srv/http/htdocs/SiBuKer/vendor/codeigniter4/framework/system/Autoloader/Autoloader.php(258): CodeIgniter\Autoloader\Autoloader->loadInNamespace()
#2 [internal function]: CodeIgniter\Autoloader\Autoloader->loadClass()
#3 [internal function]: spl_autoload_call()
#4 /srv/http/htdocs/SiBuKer/vendor/codeigniter4/framework/system/CodeIgniter.php(865): class_exists()
#5 /srv/http/htdocs/SiBuKer/vendor/codeigniter4/framework/system/CodeIgniter.php(390): CodeIgniter\CodeIgniter->startController()
#6 /srv/http/htdocs/SiBuKer/vendor/codeigniter4/framework/system/CodeIgniter.php(308): CodeIgniter\CodeIgniter->handleRequest()
#7 /srv/http/htdocs/SiBuKer/public/index.php(45): CodeIgniter\CodeIgniter->run()
#8 /srv/http/htdocs/SiBuKer/vendor/codeigniter4/framework/system/Commands/Server/rewrite.php(34): require_once('/srv/http/htdoc...')
#9 {main}
CRITICAL - 2020-06-29 20:41:39 --> syntax error, unexpected '}', expecting ';'
#0 /srv/http/htdocs/SiBuKer/vendor/codeigniter4/framework/system/Autoloader/Autoloader.php(296): CodeIgniter\Autoloader\Autoloader->requireFile()
#1 /srv/http/htdocs/SiBuKer/vendor/codeigniter4/framework/system/Autoloader/Autoloader.php(258): CodeIgniter\Autoloader\Autoloader->loadInNamespace()
#2 [internal function]: CodeIgniter\Autoloader\Autoloader->loadClass()
#3 [internal function]: spl_autoload_call()
#4 /srv/http/htdocs/SiBuKer/vendor/codeigniter4/framework/system/CodeIgniter.php(865): class_exists()
#5 /srv/http/htdocs/SiBuKer/vendor/codeigniter4/framework/system/CodeIgniter.php(390): CodeIgniter\CodeIgniter->startController()
#6 /srv/http/htdocs/SiBuKer/vendor/codeigniter4/framework/system/CodeIgniter.php(308): CodeIgniter\CodeIgniter->handleRequest()
#7 /srv/http/htdocs/SiBuKer/public/index.php(45): CodeIgniter\CodeIgniter->run()
#8 /srv/http/htdocs/SiBuKer/vendor/codeigniter4/framework/system/Commands/Server/rewrite.php(34): require_once('/srv/http/htdoc...')
#9 {main}
CRITICAL - 2020-06-29 20:41:40 --> syntax error, unexpected '}', expecting ';'
#0 /srv/http/htdocs/SiBuKer/vendor/codeigniter4/framework/system/Autoloader/Autoloader.php(296): CodeIgniter\Autoloader\Autoloader->requireFile()
#1 /srv/http/htdocs/SiBuKer/vendor/codeigniter4/framework/system/Autoloader/Autoloader.php(258): CodeIgniter\Autoloader\Autoloader->loadInNamespace()
#2 [internal function]: CodeIgniter\Autoloader\Autoloader->loadClass()
#3 [internal function]: spl_autoload_call()
#4 /srv/http/htdocs/SiBuKer/vendor/codeigniter4/framework/system/CodeIgniter.php(865): class_exists()
#5 /srv/http/htdocs/SiBuKer/vendor/codeigniter4/framework/system/CodeIgniter.php(390): CodeIgniter\CodeIgniter->startController()
#6 /srv/http/htdocs/SiBuKer/vendor/codeigniter4/framework/system/CodeIgniter.php(308): CodeIgniter\CodeIgniter->handleRequest()
#7 /srv/http/htdocs/SiBuKer/public/index.php(45): CodeIgniter\CodeIgniter->run()
#8 /srv/http/htdocs/SiBuKer/vendor/codeigniter4/framework/system/Commands/Server/rewrite.php(34): require_once('/srv/http/htdoc...')
#9 {main}
CRITICAL - 2020-06-29 20:45:36 --> syntax error, unexpected '}', expecting ';'
#0 /srv/http/htdocs/SiBuKer/vendor/codeigniter4/framework/system/Autoloader/Autoloader.php(296): CodeIgniter\Autoloader\Autoloader->requireFile()
#1 /srv/http/htdocs/SiBuKer/vendor/codeigniter4/framework/system/Autoloader/Autoloader.php(258): CodeIgniter\Autoloader\Autoloader->loadInNamespace()
#2 [internal function]: CodeIgniter\Autoloader\Autoloader->loadClass()
#3 [internal function]: spl_autoload_call()
#4 /srv/http/htdocs/SiBuKer/vendor/codeigniter4/framework/system/CodeIgniter.php(865): class_exists()
#5 /srv/http/htdocs/SiBuKer/vendor/codeigniter4/framework/system/CodeIgniter.php(390): CodeIgniter\CodeIgniter->startController()
#6 /srv/http/htdocs/SiBuKer/vendor/codeigniter4/framework/system/CodeIgniter.php(308): CodeIgniter\CodeIgniter->handleRequest()
#7 /srv/http/htdocs/SiBuKer/public/index.php(45): CodeIgniter\CodeIgniter->run()
#8 /srv/http/htdocs/SiBuKer/vendor/codeigniter4/framework/system/Commands/Server/rewrite.php(34): require_once('/srv/http/htdoc...')
#9 {main}
CRITICAL - 2020-06-29 20:45:38 --> syntax error, unexpected '}', expecting ';'
#0 /srv/http/htdocs/SiBuKer/vendor/codeigniter4/framework/system/Autoloader/Autoloader.php(296): CodeIgniter\Autoloader\Autoloader->requireFile()
#1 /srv/http/htdocs/SiBuKer/vendor/codeigniter4/framework/system/Autoloader/Autoloader.php(258): CodeIgniter\Autoloader\Autoloader->loadInNamespace()
#2 [internal function]: CodeIgniter\Autoloader\Autoloader->loadClass()
#3 [internal function]: spl_autoload_call()
#4 /srv/http/htdocs/SiBuKer/vendor/codeigniter4/framework/system/CodeIgniter.php(865): class_exists()
#5 /srv/http/htdocs/SiBuKer/vendor/codeigniter4/framework/system/CodeIgniter.php(390): CodeIgniter\CodeIgniter->startController()
#6 /srv/http/htdocs/SiBuKer/vendor/codeigniter4/framework/system/CodeIgniter.php(308): CodeIgniter\CodeIgniter->handleRequest()
#7 /srv/http/htdocs/SiBuKer/public/index.php(45): CodeIgniter\CodeIgniter->run()
#8 /srv/http/htdocs/SiBuKer/vendor/codeigniter4/framework/system/Commands/Server/rewrite.php(34): require_once('/srv/http/htdoc...')
#9 {main}
CRITICAL - 2020-06-29 20:45:57 --> syntax error, unexpected '}', expecting ';'
#0 /srv/http/htdocs/SiBuKer/vendor/codeigniter4/framework/system/Autoloader/Autoloader.php(296): CodeIgniter\Autoloader\Autoloader->requireFile()
#1 /srv/http/htdocs/SiBuKer/vendor/codeigniter4/framework/system/Autoloader/Autoloader.php(258): CodeIgniter\Autoloader\Autoloader->loadInNamespace()
#2 [internal function]: CodeIgniter\Autoloader\Autoloader->loadClass()
#3 [internal function]: spl_autoload_call()
#4 /srv/http/htdocs/SiBuKer/vendor/codeigniter4/framework/system/CodeIgniter.php(865): class_exists()
#5 /srv/http/htdocs/SiBuKer/vendor/codeigniter4/framework/system/CodeIgniter.php(390): CodeIgniter\CodeIgniter->startController()
#6 /srv/http/htdocs/SiBuKer/vendor/codeigniter4/framework/system/CodeIgniter.php(308): CodeIgniter\CodeIgniter->handleRequest()
#7 /srv/http/htdocs/SiBuKer/public/index.php(45): CodeIgniter\CodeIgniter->run()
#8 /srv/http/htdocs/SiBuKer/vendor/codeigniter4/framework/system/Commands/Server/rewrite.php(34): require_once('/srv/http/htdoc...')
#9 {main}
CRITICAL - 2020-06-29 20:45:59 --> syntax error, unexpected '}', expecting ';'
#0 /srv/http/htdocs/SiBuKer/vendor/codeigniter4/framework/system/Autoloader/Autoloader.php(296): CodeIgniter\Autoloader\Autoloader->requireFile()
#1 /srv/http/htdocs/SiBuKer/vendor/codeigniter4/framework/system/Autoloader/Autoloader.php(258): CodeIgniter\Autoloader\Autoloader->loadInNamespace()
#2 [internal function]: CodeIgniter\Autoloader\Autoloader->loadClass()
#3 [internal function]: spl_autoload_call()
#4 /srv/http/htdocs/SiBuKer/vendor/codeigniter4/framework/system/CodeIgniter.php(865): class_exists()
#5 /srv/http/htdocs/SiBuKer/vendor/codeigniter4/framework/system/CodeIgniter.php(390): CodeIgniter\CodeIgniter->startController()
#6 /srv/http/htdocs/SiBuKer/vendor/codeigniter4/framework/system/CodeIgniter.php(308): CodeIgniter\CodeIgniter->handleRequest()
#7 /srv/http/htdocs/SiBuKer/public/index.php(45): CodeIgniter\CodeIgniter->run()
#8 /srv/http/htdocs/SiBuKer/vendor/codeigniter4/framework/system/Commands/Server/rewrite.php(34): require_once('/srv/http/htdoc...')
#9 {main}
CRITICAL - 2020-06-29 20:46:00 --> syntax error, unexpected '}', expecting ';'
#0 /srv/http/htdocs/SiBuKer/vendor/codeigniter4/framework/system/Autoloader/Autoloader.php(296): CodeIgniter\Autoloader\Autoloader->requireFile()
#1 /srv/http/htdocs/SiBuKer/vendor/codeigniter4/framework/system/Autoloader/Autoloader.php(258): CodeIgniter\Autoloader\Autoloader->loadInNamespace()
#2 [internal function]: CodeIgniter\Autoloader\Autoloader->loadClass()
#3 [internal function]: spl_autoload_call()
#4 /srv/http/htdocs/SiBuKer/vendor/codeigniter4/framework/system/CodeIgniter.php(865): class_exists()
#5 /srv/http/htdocs/SiBuKer/vendor/codeigniter4/framework/system/CodeIgniter.php(390): CodeIgniter\CodeIgniter->startController()
#6 /srv/http/htdocs/SiBuKer/vendor/codeigniter4/framework/system/CodeIgniter.php(308): CodeIgniter\CodeIgniter->handleRequest()
#7 /srv/http/htdocs/SiBuKer/public/index.php(45): CodeIgniter\CodeIgniter->run()
#8 /srv/http/htdocs/SiBuKer/vendor/codeigniter4/framework/system/Commands/Server/rewrite.php(34): require_once('/srv/http/htdoc...')
#9 {main}
CRITICAL - 2020-06-29 20:50:40 --> syntax error, unexpected '}', expecting ';'
#0 /srv/http/htdocs/SiBuKer/vendor/codeigniter4/framework/system/Autoloader/Autoloader.php(296): CodeIgniter\Autoloader\Autoloader->requireFile()
#1 /srv/http/htdocs/SiBuKer/vendor/codeigniter4/framework/system/Autoloader/Autoloader.php(258): CodeIgniter\Autoloader\Autoloader->loadInNamespace()
#2 [internal function]: CodeIgniter\Autoloader\Autoloader->loadClass()
#3 [internal function]: spl_autoload_call()
#4 /srv/http/htdocs/SiBuKer/vendor/codeigniter4/framework/system/CodeIgniter.php(865): class_exists()
#5 /srv/http/htdocs/SiBuKer/vendor/codeigniter4/framework/system/CodeIgniter.php(390): CodeIgniter\CodeIgniter->startController()
#6 /srv/http/htdocs/SiBuKer/vendor/codeigniter4/framework/system/CodeIgniter.php(308): CodeIgniter\CodeIgniter->handleRequest()
#7 /srv/http/htdocs/SiBuKer/public/index.php(45): CodeIgniter\CodeIgniter->run()
#8 /srv/http/htdocs/SiBuKer/vendor/codeigniter4/framework/system/Commands/Server/rewrite.php(34): require_once('/srv/http/htdoc...')
#9 {main}
