CRITICAL - 2020-07-20 04:22:31 --> Cannot call constructor
#0 /srv/http/htdocs/SiBuKer/vendor/codeigniter4/framework/system/CodeIgniter.php(886): App\Controllers\Home->__construct()
#1 /srv/http/htdocs/SiBuKer/vendor/codeigniter4/framework/system/CodeIgniter.php(395): CodeIgniter\CodeIgniter->createController()
#2 /srv/http/htdocs/SiBuKer/vendor/codeigniter4/framework/system/CodeIgniter.php(308): CodeIgniter\CodeIgniter->handleRequest()
#3 /srv/http/htdocs/SiBuKer/public/index.php(45): CodeIgniter\CodeIgniter->run()
#4 /srv/http/htdocs/SiBuKer/vendor/codeigniter4/framework/system/Commands/Server/rewrite.php(34): require_once('/srv/http/htdoc...')
#5 {main}
CRITICAL - 2020-07-20 17:18:37 --> Class 'App\Controllers\DataLowongan' not found
#0 /srv/http/htdocs/SiBuKer/vendor/codeigniter4/framework/system/CodeIgniter.php(886): App\Controllers\Home->__construct()
#1 /srv/http/htdocs/SiBuKer/vendor/codeigniter4/framework/system/CodeIgniter.php(395): CodeIgniter\CodeIgniter->createController()
#2 /srv/http/htdocs/SiBuKer/vendor/codeigniter4/framework/system/CodeIgniter.php(308): CodeIgniter\CodeIgniter->handleRequest()
#3 /srv/http/htdocs/SiBuKer/public/index.php(45): CodeIgniter\CodeIgniter->run()
#4 /srv/http/htdocs/SiBuKer/vendor/codeigniter4/framework/system/Commands/Server/rewrite.php(34): require_once('/srv/http/htdoc...')
#5 {main}
CRITICAL - 2020-07-20 17:51:33 --> Class 'App\Controllers\lowonganModel' not found
#0 /srv/http/htdocs/SiBuKer/vendor/codeigniter4/framework/system/CodeIgniter.php(886): App\Controllers\Home->__construct()
#1 /srv/http/htdocs/SiBuKer/vendor/codeigniter4/framework/system/CodeIgniter.php(395): CodeIgniter\CodeIgniter->createController()
#2 /srv/http/htdocs/SiBuKer/vendor/codeigniter4/framework/system/CodeIgniter.php(308): CodeIgniter\CodeIgniter->handleRequest()
#3 /srv/http/htdocs/SiBuKer/public/index.php(45): CodeIgniter\CodeIgniter->run()
#4 /srv/http/htdocs/SiBuKer/vendor/codeigniter4/framework/system/Commands/Server/rewrite.php(34): require_once('/srv/http/htdoc...')
#5 {main}
CRITICAL - 2020-07-20 17:52:12 --> Argument 1 passed to CodeIgniter\Database\BaseBuilder::get() must be of the type int or null, string given, called in /srv/http/htdocs/SiBuKer/vendor/codeigniter4/framework/system/Model.php on line 1716
#0 /srv/http/htdocs/SiBuKer/vendor/codeigniter4/framework/system/Model.php(1716): CodeIgniter\Database\BaseBuilder->get()
#1 /srv/http/htdocs/SiBuKer/app/Models/LowonganModel.php(11): CodeIgniter\Model->__call()
#2 /srv/http/htdocs/SiBuKer/app/Controllers/Home.php(15): App\Models\LowonganModel->tampil_lowongan()
#3 /srv/http/htdocs/SiBuKer/vendor/codeigniter4/framework/system/CodeIgniter.php(914): App\Controllers\Home->index()
#4 /srv/http/htdocs/SiBuKer/vendor/codeigniter4/framework/system/CodeIgniter.php(400): CodeIgniter\CodeIgniter->runController()
#5 /srv/http/htdocs/SiBuKer/vendor/codeigniter4/framework/system/CodeIgniter.php(308): CodeIgniter\CodeIgniter->handleRequest()
#6 /srv/http/htdocs/SiBuKer/public/index.php(45): CodeIgniter\CodeIgniter->run()
#7 /srv/http/htdocs/SiBuKer/vendor/codeigniter4/framework/system/Commands/Server/rewrite.php(34): require_once('/srv/http/htdoc...')
#8 {main}
CRITICAL - 2020-07-20 17:55:18 --> Call to undefined method App\Models\LowonganModel::getResultArray
#0 /srv/http/htdocs/SiBuKer/app/Models/LowonganModel.php(11): CodeIgniter\Model->__call()
#1 /srv/http/htdocs/SiBuKer/app/Controllers/Home.php(15): App\Models\LowonganModel->tampil_lowongan()
#2 /srv/http/htdocs/SiBuKer/vendor/codeigniter4/framework/system/CodeIgniter.php(914): App\Controllers\Home->index()
#3 /srv/http/htdocs/SiBuKer/vendor/codeigniter4/framework/system/CodeIgniter.php(400): CodeIgniter\CodeIgniter->runController()
#4 /srv/http/htdocs/SiBuKer/vendor/codeigniter4/framework/system/CodeIgniter.php(308): CodeIgniter\CodeIgniter->handleRequest()
#5 /srv/http/htdocs/SiBuKer/public/index.php(45): CodeIgniter\CodeIgniter->run()
#6 /srv/http/htdocs/SiBuKer/vendor/codeigniter4/framework/system/Commands/Server/rewrite.php(34): require_once('/srv/http/htdoc...')
#7 {main}
CRITICAL - 2020-07-20 17:58:25 --> Call to undefined method App\Models\lowonganModel::getResult
#0 /srv/http/htdocs/SiBuKer/app/Models/LowonganModel.php(11): CodeIgniter\Model->__call()
#1 /srv/http/htdocs/SiBuKer/app/Controllers/Home.php(15): App\Models\lowonganModel->tampil_lowongan()
#2 /srv/http/htdocs/SiBuKer/vendor/codeigniter4/framework/system/CodeIgniter.php(914): App\Controllers\Home->index()
#3 /srv/http/htdocs/SiBuKer/vendor/codeigniter4/framework/system/CodeIgniter.php(400): CodeIgniter\CodeIgniter->runController()
#4 /srv/http/htdocs/SiBuKer/vendor/codeigniter4/framework/system/CodeIgniter.php(308): CodeIgniter\CodeIgniter->handleRequest()
#5 /srv/http/htdocs/SiBuKer/public/index.php(45): CodeIgniter\CodeIgniter->run()
#6 /srv/http/htdocs/SiBuKer/vendor/codeigniter4/framework/system/Commands/Server/rewrite.php(34): require_once('/srv/http/htdoc...')
#7 {main}
CRITICAL - 2020-07-20 18:06:22 --> No database selected
#0 /srv/http/htdocs/SiBuKer/vendor/codeigniter4/framework/system/Database/MySQLi/Connection.php(331): mysqli->query()
#1 /srv/http/htdocs/SiBuKer/vendor/codeigniter4/framework/system/Database/BaseConnection.php(738): CodeIgniter\Database\MySQLi\Connection->execute()
#2 /srv/http/htdocs/SiBuKer/vendor/codeigniter4/framework/system/Database/BaseConnection.php(666): CodeIgniter\Database\BaseConnection->simpleQuery()
#3 /srv/http/htdocs/SiBuKer/vendor/codeigniter4/framework/system/Database/BaseBuilder.php(1845): CodeIgniter\Database\BaseConnection->query()
#4 /srv/http/htdocs/SiBuKer/app/Models/LowonganModel.php(12): CodeIgniter\Database\BaseBuilder->get()
#5 /srv/http/htdocs/SiBuKer/app/Controllers/Home.php(15): App\Models\lowonganModel->tampil_lowongan()
#6 /srv/http/htdocs/SiBuKer/vendor/codeigniter4/framework/system/CodeIgniter.php(914): App\Controllers\Home->index()
#7 /srv/http/htdocs/SiBuKer/vendor/codeigniter4/framework/system/CodeIgniter.php(400): CodeIgniter\CodeIgniter->runController()
#8 /srv/http/htdocs/SiBuKer/vendor/codeigniter4/framework/system/CodeIgniter.php(308): CodeIgniter\CodeIgniter->handleRequest()
#9 /srv/http/htdocs/SiBuKer/public/index.php(45): CodeIgniter\CodeIgniter->run()
#10 /srv/http/htdocs/SiBuKer/vendor/codeigniter4/framework/system/Commands/Server/rewrite.php(34): require_once('/srv/http/htdoc...')
#11 {main}
CRITICAL - 2020-07-20 18:09:26 --> No database selected
#0 /srv/http/htdocs/SiBuKer/vendor/codeigniter4/framework/system/Database/MySQLi/Connection.php(331): mysqli->query()
#1 /srv/http/htdocs/SiBuKer/vendor/codeigniter4/framework/system/Database/BaseConnection.php(738): CodeIgniter\Database\MySQLi\Connection->execute()
#2 /srv/http/htdocs/SiBuKer/vendor/codeigniter4/framework/system/Database/BaseConnection.php(666): CodeIgniter\Database\BaseConnection->simpleQuery()
#3 /srv/http/htdocs/SiBuKer/vendor/codeigniter4/framework/system/Database/BaseBuilder.php(1845): CodeIgniter\Database\BaseConnection->query()
#4 /srv/http/htdocs/SiBuKer/app/Models/LowonganModel.php(12): CodeIgniter\Database\BaseBuilder->get()
#5 /srv/http/htdocs/SiBuKer/app/Controllers/Home.php(15): App\Models\lowonganModel->tampil_lowongan()
#6 /srv/http/htdocs/SiBuKer/vendor/codeigniter4/framework/system/CodeIgniter.php(914): App\Controllers\Home->index()
#7 /srv/http/htdocs/SiBuKer/vendor/codeigniter4/framework/system/CodeIgniter.php(400): CodeIgniter\CodeIgniter->runController()
#8 /srv/http/htdocs/SiBuKer/vendor/codeigniter4/framework/system/CodeIgniter.php(308): CodeIgniter\CodeIgniter->handleRequest()
#9 /srv/http/htdocs/SiBuKer/public/index.php(45): CodeIgniter\CodeIgniter->run()
#10 /srv/http/htdocs/SiBuKer/vendor/codeigniter4/framework/system/Commands/Server/rewrite.php(34): require_once('/srv/http/htdoc...')
#11 {main}
CRITICAL - 2020-07-20 18:10:42 --> No database selected
#0 /srv/http/htdocs/SiBuKer/vendor/codeigniter4/framework/system/Database/MySQLi/Connection.php(331): mysqli->query()
#1 /srv/http/htdocs/SiBuKer/vendor/codeigniter4/framework/system/Database/BaseConnection.php(738): CodeIgniter\Database\MySQLi\Connection->execute()
#2 /srv/http/htdocs/SiBuKer/vendor/codeigniter4/framework/system/Database/BaseConnection.php(666): CodeIgniter\Database\BaseConnection->simpleQuery()
#3 /srv/http/htdocs/SiBuKer/vendor/codeigniter4/framework/system/Database/BaseBuilder.php(1845): CodeIgniter\Database\BaseConnection->query()
#4 /srv/http/htdocs/SiBuKer/app/Models/LowonganModel.php(12): CodeIgniter\Database\BaseBuilder->get()
#5 /srv/http/htdocs/SiBuKer/app/Controllers/Home.php(15): App\Models\lowonganModel->tampil_lowongan()
#6 /srv/http/htdocs/SiBuKer/vendor/codeigniter4/framework/system/CodeIgniter.php(914): App\Controllers\Home->index()
#7 /srv/http/htdocs/SiBuKer/vendor/codeigniter4/framework/system/CodeIgniter.php(400): CodeIgniter\CodeIgniter->runController()
#8 /srv/http/htdocs/SiBuKer/vendor/codeigniter4/framework/system/CodeIgniter.php(308): CodeIgniter\CodeIgniter->handleRequest()
#9 /srv/http/htdocs/SiBuKer/public/index.php(45): CodeIgniter\CodeIgniter->run()
#10 /srv/http/htdocs/SiBuKer/vendor/codeigniter4/framework/system/Commands/Server/rewrite.php(34): require_once('/srv/http/htdoc...')
#11 {main}
CRITICAL - 2020-07-20 18:11:40 --> No database selected
#0 /srv/http/htdocs/SiBuKer/vendor/codeigniter4/framework/system/Database/MySQLi/Connection.php(331): mysqli->query()
#1 /srv/http/htdocs/SiBuKer/vendor/codeigniter4/framework/system/Database/BaseConnection.php(738): CodeIgniter\Database\MySQLi\Connection->execute()
#2 /srv/http/htdocs/SiBuKer/vendor/codeigniter4/framework/system/Database/BaseConnection.php(666): CodeIgniter\Database\BaseConnection->simpleQuery()
#3 /srv/http/htdocs/SiBuKer/vendor/codeigniter4/framework/system/Database/BaseBuilder.php(1845): CodeIgniter\Database\BaseConnection->query()
#4 /srv/http/htdocs/SiBuKer/app/Models/LowonganModel.php(12): CodeIgniter\Database\BaseBuilder->get()
#5 /srv/http/htdocs/SiBuKer/app/Controllers/Home.php(15): App\Models\lowonganModel->tampil_lowongan()
#6 /srv/http/htdocs/SiBuKer/vendor/codeigniter4/framework/system/CodeIgniter.php(914): App\Controllers\Home->index()
#7 /srv/http/htdocs/SiBuKer/vendor/codeigniter4/framework/system/CodeIgniter.php(400): CodeIgniter\CodeIgniter->runController()
#8 /srv/http/htdocs/SiBuKer/vendor/codeigniter4/framework/system/CodeIgniter.php(308): CodeIgniter\CodeIgniter->handleRequest()
#9 /srv/http/htdocs/SiBuKer/public/index.php(45): CodeIgniter\CodeIgniter->run()
#10 /srv/http/htdocs/SiBuKer/vendor/codeigniter4/framework/system/Commands/Server/rewrite.php(34): require_once('/srv/http/htdoc...')
#11 {main}
CRITICAL - 2020-07-20 18:11:45 --> No database selected
#0 /srv/http/htdocs/SiBuKer/vendor/codeigniter4/framework/system/Database/MySQLi/Connection.php(331): mysqli->query()
#1 /srv/http/htdocs/SiBuKer/vendor/codeigniter4/framework/system/Database/BaseConnection.php(738): CodeIgniter\Database\MySQLi\Connection->execute()
#2 /srv/http/htdocs/SiBuKer/vendor/codeigniter4/framework/system/Database/BaseConnection.php(666): CodeIgniter\Database\BaseConnection->simpleQuery()
#3 /srv/http/htdocs/SiBuKer/vendor/codeigniter4/framework/system/Database/BaseBuilder.php(1845): CodeIgniter\Database\BaseConnection->query()
#4 /srv/http/htdocs/SiBuKer/app/Models/LowonganModel.php(12): CodeIgniter\Database\BaseBuilder->get()
#5 /srv/http/htdocs/SiBuKer/app/Controllers/Home.php(15): App\Models\lowonganModel->tampil_lowongan()
#6 /srv/http/htdocs/SiBuKer/vendor/codeigniter4/framework/system/CodeIgniter.php(914): App\Controllers\Home->index()
#7 /srv/http/htdocs/SiBuKer/vendor/codeigniter4/framework/system/CodeIgniter.php(400): CodeIgniter\CodeIgniter->runController()
#8 /srv/http/htdocs/SiBuKer/vendor/codeigniter4/framework/system/CodeIgniter.php(308): CodeIgniter\CodeIgniter->handleRequest()
#9 /srv/http/htdocs/SiBuKer/public/index.php(45): CodeIgniter\CodeIgniter->run()
#10 /srv/http/htdocs/SiBuKer/vendor/codeigniter4/framework/system/Commands/Server/rewrite.php(34): require_once('/srv/http/htdoc...')
#11 {main}
CRITICAL - 2020-07-20 18:14:56 --> Cannot use object of type mysqli as array
#0 /srv/http/htdocs/SiBuKer/vendor/codeigniter4/framework/system/View/View.php(246): include()
#1 /srv/http/htdocs/SiBuKer/vendor/codeigniter4/framework/system/Common.php(1087): CodeIgniter\View\View->render()
#2 /srv/http/htdocs/SiBuKer/app/Controllers/Home.php(16): view()
#3 /srv/http/htdocs/SiBuKer/vendor/codeigniter4/framework/system/CodeIgniter.php(914): App\Controllers\Home->index()
#4 /srv/http/htdocs/SiBuKer/vendor/codeigniter4/framework/system/CodeIgniter.php(400): CodeIgniter\CodeIgniter->runController()
#5 /srv/http/htdocs/SiBuKer/vendor/codeigniter4/framework/system/CodeIgniter.php(308): CodeIgniter\CodeIgniter->handleRequest()
#6 /srv/http/htdocs/SiBuKer/public/index.php(45): CodeIgniter\CodeIgniter->run()
#7 /srv/http/htdocs/SiBuKer/vendor/codeigniter4/framework/system/Commands/Server/rewrite.php(34): require_once('/srv/http/htdoc...')
#8 {main}
CRITICAL - 2020-07-20 18:16:27 --> Undefined property: mysqli::$judul
#0 /srv/http/htdocs/SiBuKer/app/Views/index.php(212): CodeIgniter\Debug\Exceptions->errorHandler()
#1 /srv/http/htdocs/SiBuKer/vendor/codeigniter4/framework/system/View/View.php(246): include('/srv/http/htdoc...')
#2 /srv/http/htdocs/SiBuKer/vendor/codeigniter4/framework/system/Common.php(1087): CodeIgniter\View\View->render()
#3 /srv/http/htdocs/SiBuKer/app/Controllers/Home.php(16): view()
#4 /srv/http/htdocs/SiBuKer/vendor/codeigniter4/framework/system/CodeIgniter.php(914): App\Controllers\Home->index()
#5 /srv/http/htdocs/SiBuKer/vendor/codeigniter4/framework/system/CodeIgniter.php(400): CodeIgniter\CodeIgniter->runController()
#6 /srv/http/htdocs/SiBuKer/vendor/codeigniter4/framework/system/CodeIgniter.php(308): CodeIgniter\CodeIgniter->handleRequest()
#7 /srv/http/htdocs/SiBuKer/public/index.php(45): CodeIgniter\CodeIgniter->run()
#8 /srv/http/htdocs/SiBuKer/vendor/codeigniter4/framework/system/Commands/Server/rewrite.php(34): require_once('/srv/http/htdoc...')
#9 {main}
CRITICAL - 2020-07-20 18:16:36 --> Cannot use object of type mysqli as array
#0 /srv/http/htdocs/SiBuKer/vendor/codeigniter4/framework/system/View/View.php(246): include()
#1 /srv/http/htdocs/SiBuKer/vendor/codeigniter4/framework/system/Common.php(1087): CodeIgniter\View\View->render()
#2 /srv/http/htdocs/SiBuKer/app/Controllers/Home.php(16): view()
#3 /srv/http/htdocs/SiBuKer/vendor/codeigniter4/framework/system/CodeIgniter.php(914): App\Controllers\Home->index()
#4 /srv/http/htdocs/SiBuKer/vendor/codeigniter4/framework/system/CodeIgniter.php(400): CodeIgniter\CodeIgniter->runController()
#5 /srv/http/htdocs/SiBuKer/vendor/codeigniter4/framework/system/CodeIgniter.php(308): CodeIgniter\CodeIgniter->handleRequest()
#6 /srv/http/htdocs/SiBuKer/public/index.php(45): CodeIgniter\CodeIgniter->run()
#7 /srv/http/htdocs/SiBuKer/vendor/codeigniter4/framework/system/Commands/Server/rewrite.php(34): require_once('/srv/http/htdoc...')
#8 {main}
CRITICAL - 2020-07-20 18:17:30 --> Undefined property: mysqli::$judul
#0 /srv/http/htdocs/SiBuKer/app/Views/index.php(212): CodeIgniter\Debug\Exceptions->errorHandler()
#1 /srv/http/htdocs/SiBuKer/vendor/codeigniter4/framework/system/View/View.php(246): include('/srv/http/htdoc...')
#2 /srv/http/htdocs/SiBuKer/vendor/codeigniter4/framework/system/Common.php(1087): CodeIgniter\View\View->render()
#3 /srv/http/htdocs/SiBuKer/app/Controllers/Home.php(16): view()
#4 /srv/http/htdocs/SiBuKer/vendor/codeigniter4/framework/system/CodeIgniter.php(914): App\Controllers\Home->index()
#5 /srv/http/htdocs/SiBuKer/vendor/codeigniter4/framework/system/CodeIgniter.php(400): CodeIgniter\CodeIgniter->runController()
#6 /srv/http/htdocs/SiBuKer/vendor/codeigniter4/framework/system/CodeIgniter.php(308): CodeIgniter\CodeIgniter->handleRequest()
#7 /srv/http/htdocs/SiBuKer/public/index.php(45): CodeIgniter\CodeIgniter->run()
#8 /srv/http/htdocs/SiBuKer/vendor/codeigniter4/framework/system/Commands/Server/rewrite.php(34): require_once('/srv/http/htdoc...')
#9 {main}
CRITICAL - 2020-07-20 18:24:24 --> Undefined property: stdClass::$judul
#0 /srv/http/htdocs/SiBuKer/app/Views/index.php(212): CodeIgniter\Debug\Exceptions->errorHandler()
#1 /srv/http/htdocs/SiBuKer/vendor/codeigniter4/framework/system/View/View.php(246): include('/srv/http/htdoc...')
#2 /srv/http/htdocs/SiBuKer/vendor/codeigniter4/framework/system/Common.php(1087): CodeIgniter\View\View->render()
#3 /srv/http/htdocs/SiBuKer/app/Controllers/Home.php(16): view()
#4 /srv/http/htdocs/SiBuKer/vendor/codeigniter4/framework/system/CodeIgniter.php(914): App\Controllers\Home->index()
#5 /srv/http/htdocs/SiBuKer/vendor/codeigniter4/framework/system/CodeIgniter.php(400): CodeIgniter\CodeIgniter->runController()
#6 /srv/http/htdocs/SiBuKer/vendor/codeigniter4/framework/system/CodeIgniter.php(308): CodeIgniter\CodeIgniter->handleRequest()
#7 /srv/http/htdocs/SiBuKer/public/index.php(45): CodeIgniter\CodeIgniter->run()
#8 /srv/http/htdocs/SiBuKer/vendor/codeigniter4/framework/system/Commands/Server/rewrite.php(34): require_once('/srv/http/htdoc...')
#9 {main}
CRITICAL - 2020-07-20 18:24:25 --> Undefined property: stdClass::$judul
#0 /srv/http/htdocs/SiBuKer/app/Views/index.php(212): CodeIgniter\Debug\Exceptions->errorHandler()
#1 /srv/http/htdocs/SiBuKer/vendor/codeigniter4/framework/system/View/View.php(246): include('/srv/http/htdoc...')
#2 /srv/http/htdocs/SiBuKer/vendor/codeigniter4/framework/system/Common.php(1087): CodeIgniter\View\View->render()
#3 /srv/http/htdocs/SiBuKer/app/Controllers/Home.php(16): view()
#4 /srv/http/htdocs/SiBuKer/vendor/codeigniter4/framework/system/CodeIgniter.php(914): App\Controllers\Home->index()
#5 /srv/http/htdocs/SiBuKer/vendor/codeigniter4/framework/system/CodeIgniter.php(400): CodeIgniter\CodeIgniter->runController()
#6 /srv/http/htdocs/SiBuKer/vendor/codeigniter4/framework/system/CodeIgniter.php(308): CodeIgniter\CodeIgniter->handleRequest()
#7 /srv/http/htdocs/SiBuKer/public/index.php(45): CodeIgniter\CodeIgniter->run()
#8 /srv/http/htdocs/SiBuKer/vendor/codeigniter4/framework/system/Commands/Server/rewrite.php(34): require_once('/srv/http/htdoc...')
#9 {main}
CRITICAL - 2020-07-20 18:24:35 --> Cannot use object of type stdClass as array
#0 /srv/http/htdocs/SiBuKer/vendor/codeigniter4/framework/system/View/View.php(246): include()
#1 /srv/http/htdocs/SiBuKer/vendor/codeigniter4/framework/system/Common.php(1087): CodeIgniter\View\View->render()
#2 /srv/http/htdocs/SiBuKer/app/Controllers/Home.php(16): view()
#3 /srv/http/htdocs/SiBuKer/vendor/codeigniter4/framework/system/CodeIgniter.php(914): App\Controllers\Home->index()
#4 /srv/http/htdocs/SiBuKer/vendor/codeigniter4/framework/system/CodeIgniter.php(400): CodeIgniter\CodeIgniter->runController()
#5 /srv/http/htdocs/SiBuKer/vendor/codeigniter4/framework/system/CodeIgniter.php(308): CodeIgniter\CodeIgniter->handleRequest()
#6 /srv/http/htdocs/SiBuKer/public/index.php(45): CodeIgniter\CodeIgniter->run()
#7 /srv/http/htdocs/SiBuKer/vendor/codeigniter4/framework/system/Commands/Server/rewrite.php(34): require_once('/srv/http/htdoc...')
#8 {main}
CRITICAL - 2020-07-20 18:25:02 --> Undefined index: judul
#0 /srv/http/htdocs/SiBuKer/app/Views/index.php(212): CodeIgniter\Debug\Exceptions->errorHandler()
#1 /srv/http/htdocs/SiBuKer/vendor/codeigniter4/framework/system/View/View.php(246): include('/srv/http/htdoc...')
#2 /srv/http/htdocs/SiBuKer/vendor/codeigniter4/framework/system/Common.php(1087): CodeIgniter\View\View->render()
#3 /srv/http/htdocs/SiBuKer/app/Controllers/Home.php(16): view()
#4 /srv/http/htdocs/SiBuKer/vendor/codeigniter4/framework/system/CodeIgniter.php(914): App\Controllers\Home->index()
#5 /srv/http/htdocs/SiBuKer/vendor/codeigniter4/framework/system/CodeIgniter.php(400): CodeIgniter\CodeIgniter->runController()
#6 /srv/http/htdocs/SiBuKer/vendor/codeigniter4/framework/system/CodeIgniter.php(308): CodeIgniter\CodeIgniter->handleRequest()
#7 /srv/http/htdocs/SiBuKer/public/index.php(45): CodeIgniter\CodeIgniter->run()
#8 /srv/http/htdocs/SiBuKer/vendor/codeigniter4/framework/system/Commands/Server/rewrite.php(34): require_once('/srv/http/htdoc...')
#9 {main}
CRITICAL - 2020-07-20 18:25:04 --> Undefined index: judul
#0 /srv/http/htdocs/SiBuKer/app/Views/index.php(212): CodeIgniter\Debug\Exceptions->errorHandler()
#1 /srv/http/htdocs/SiBuKer/vendor/codeigniter4/framework/system/View/View.php(246): include('/srv/http/htdoc...')
#2 /srv/http/htdocs/SiBuKer/vendor/codeigniter4/framework/system/Common.php(1087): CodeIgniter\View\View->render()
#3 /srv/http/htdocs/SiBuKer/app/Controllers/Home.php(16): view()
#4 /srv/http/htdocs/SiBuKer/vendor/codeigniter4/framework/system/CodeIgniter.php(914): App\Controllers\Home->index()
#5 /srv/http/htdocs/SiBuKer/vendor/codeigniter4/framework/system/CodeIgniter.php(400): CodeIgniter\CodeIgniter->runController()
#6 /srv/http/htdocs/SiBuKer/vendor/codeigniter4/framework/system/CodeIgniter.php(308): CodeIgniter\CodeIgniter->handleRequest()
#7 /srv/http/htdocs/SiBuKer/public/index.php(45): CodeIgniter\CodeIgniter->run()
#8 /srv/http/htdocs/SiBuKer/vendor/codeigniter4/framework/system/Commands/Server/rewrite.php(34): require_once('/srv/http/htdoc...')
#9 {main}
CRITICAL - 2020-07-20 18:39:15 --> Not unique table/alias: 'kategori'
#0 /srv/http/htdocs/SiBuKer/vendor/codeigniter4/framework/system/Database/MySQLi/Connection.php(331): mysqli->query()
#1 /srv/http/htdocs/SiBuKer/vendor/codeigniter4/framework/system/Database/BaseConnection.php(738): CodeIgniter\Database\MySQLi\Connection->execute()
#2 /srv/http/htdocs/SiBuKer/vendor/codeigniter4/framework/system/Database/BaseConnection.php(666): CodeIgniter\Database\BaseConnection->simpleQuery()
#3 /srv/http/htdocs/SiBuKer/vendor/codeigniter4/framework/system/Database/BaseBuilder.php(1845): CodeIgniter\Database\BaseConnection->query()
#4 /srv/http/htdocs/SiBuKer/app/Models/LowonganModel.php(13): CodeIgniter\Database\BaseBuilder->get()
#5 /srv/http/htdocs/SiBuKer/app/Controllers/Home.php(15): App\Models\lowonganModel->tampil_lowongan()
#6 /srv/http/htdocs/SiBuKer/vendor/codeigniter4/framework/system/CodeIgniter.php(914): App\Controllers\Home->index()
#7 /srv/http/htdocs/SiBuKer/vendor/codeigniter4/framework/system/CodeIgniter.php(400): CodeIgniter\CodeIgniter->runController()
#8 /srv/http/htdocs/SiBuKer/vendor/codeigniter4/framework/system/CodeIgniter.php(308): CodeIgniter\CodeIgniter->handleRequest()
#9 /srv/http/htdocs/SiBuKer/public/index.php(45): CodeIgniter\CodeIgniter->run()
#10 /srv/http/htdocs/SiBuKer/vendor/codeigniter4/framework/system/Commands/Server/rewrite.php(34): require_once('/srv/http/htdoc...')
#11 {main}
CRITICAL - 2020-07-20 18:39:17 --> Not unique table/alias: 'kategori'
#0 /srv/http/htdocs/SiBuKer/vendor/codeigniter4/framework/system/Database/MySQLi/Connection.php(331): mysqli->query()
#1 /srv/http/htdocs/SiBuKer/vendor/codeigniter4/framework/system/Database/BaseConnection.php(738): CodeIgniter\Database\MySQLi\Connection->execute()
#2 /srv/http/htdocs/SiBuKer/vendor/codeigniter4/framework/system/Database/BaseConnection.php(666): CodeIgniter\Database\BaseConnection->simpleQuery()
#3 /srv/http/htdocs/SiBuKer/vendor/codeigniter4/framework/system/Database/BaseBuilder.php(1845): CodeIgniter\Database\BaseConnection->query()
#4 /srv/http/htdocs/SiBuKer/app/Models/LowonganModel.php(13): CodeIgniter\Database\BaseBuilder->get()
#5 /srv/http/htdocs/SiBuKer/app/Controllers/Home.php(15): App\Models\lowonganModel->tampil_lowongan()
#6 /srv/http/htdocs/SiBuKer/vendor/codeigniter4/framework/system/CodeIgniter.php(914): App\Controllers\Home->index()
#7 /srv/http/htdocs/SiBuKer/vendor/codeigniter4/framework/system/CodeIgniter.php(400): CodeIgniter\CodeIgniter->runController()
#8 /srv/http/htdocs/SiBuKer/vendor/codeigniter4/framework/system/CodeIgniter.php(308): CodeIgniter\CodeIgniter->handleRequest()
#9 /srv/http/htdocs/SiBuKer/public/index.php(45): CodeIgniter\CodeIgniter->run()
#10 /srv/http/htdocs/SiBuKer/vendor/codeigniter4/framework/system/Commands/Server/rewrite.php(34): require_once('/srv/http/htdoc...')
#11 {main}
CRITICAL - 2020-07-20 18:39:48 --> Unknown column 'lowongan.id_perusahaan' in 'on clause'
#0 /srv/http/htdocs/SiBuKer/vendor/codeigniter4/framework/system/Database/MySQLi/Connection.php(331): mysqli->query()
#1 /srv/http/htdocs/SiBuKer/vendor/codeigniter4/framework/system/Database/BaseConnection.php(738): CodeIgniter\Database\MySQLi\Connection->execute()
#2 /srv/http/htdocs/SiBuKer/vendor/codeigniter4/framework/system/Database/BaseConnection.php(666): CodeIgniter\Database\BaseConnection->simpleQuery()
#3 /srv/http/htdocs/SiBuKer/vendor/codeigniter4/framework/system/Database/BaseBuilder.php(1845): CodeIgniter\Database\BaseConnection->query()
#4 /srv/http/htdocs/SiBuKer/app/Models/LowonganModel.php(13): CodeIgniter\Database\BaseBuilder->get()
#5 /srv/http/htdocs/SiBuKer/app/Controllers/Home.php(15): App\Models\lowonganModel->tampil_lowongan()
#6 /srv/http/htdocs/SiBuKer/vendor/codeigniter4/framework/system/CodeIgniter.php(914): App\Controllers\Home->index()
#7 /srv/http/htdocs/SiBuKer/vendor/codeigniter4/framework/system/CodeIgniter.php(400): CodeIgniter\CodeIgniter->runController()
#8 /srv/http/htdocs/SiBuKer/vendor/codeigniter4/framework/system/CodeIgniter.php(308): CodeIgniter\CodeIgniter->handleRequest()
#9 /srv/http/htdocs/SiBuKer/public/index.php(45): CodeIgniter\CodeIgniter->run()
#10 /srv/http/htdocs/SiBuKer/vendor/codeigniter4/framework/system/Commands/Server/rewrite.php(34): require_once('/srv/http/htdoc...')
#11 {main}
